<?xml version="1.0" encoding="UTF-8"?>
<!-- Generated by org.testng.reporters.JUnitReportReporter -->
<testsuite hostname="LAPTOP-7ID18QUT" name="com.Annotations.Annoations2" tests="2" failures="0" timestamp="24 May 2018 13:41:29 GMT" time="0.006" errors="0">
  <testcase name="ComposeMail" time="0.001" classname="com.Annotations.Annoations2"/>
  <testcase name="InBox" time="0.005" classname="com.Annotations.Annoations2"/>
</testsuite> <!-- com.Annotations.Annoations2 -->
