<?xml version="1.0" encoding="UTF-8"?>
<!-- Generated by org.testng.reporters.JUnitReportReporter -->
<testsuite hostname="LAPTOP-7ID18QUT" name="com.Annotations.Annotations1" tests="5" failures="0" timestamp="24 May 2018 13:36:53 GMT" time="0.018" errors="0">
  <testcase name="BrowserLaunch" time="0.011" classname="com.Annotations.Annotations1"/>
  <testcase name="LogIn" time="0.002" classname="com.Annotations.Annotations1"/>
  <testcase name="ComposeMail" time="0.002" classname="com.Annotations.Annotations1"/>
  <testcase name="SentMail" time="0.001" classname="com.Annotations.Annotations1"/>
  <testcase name="InBox" time="0.002" classname="com.Annotations.Annotations1"/>
</testsuite> <!-- com.Annotations.Annotations1 -->
