<?xml version="1.0" encoding="UTF-8"?>
<!-- Generated by org.testng.reporters.JUnitReportReporter -->
<testsuite hostname="LAPTOP-7ID18QUT" name="com.POM.NewTours_HomePageTesting" tests="1" failures="0" timestamp="25 Jun 2018 13:56:23 GMT" time="34.153" errors="0">
  <testcase name="HomePage" time="34.153" classname="com.POM.NewTours_HomePageTesting"/>
</testsuite> <!-- com.POM.NewTours_HomePageTesting -->
