<?xml version="1.0" encoding="UTF-8"?>
<!-- Generated by org.testng.reporters.JUnitReportReporter -->
<testsuite hostname="LAPTOP-7ID18QUT" name="com.DataDriven.NewTours_NewUserRegistration" tests="2" failures="0" timestamp="4 Jun 2018 13:25:57 GMT" time="28.626" errors="0">
  <testcase name="Register" time="0.735" classname="com.DataDriven.NewTours_NewUserRegistration"/>
  <testcase name="UserRegistration" time="27.891" classname="com.DataDriven.NewTours_NewUserRegistration"/>
</testsuite> <!-- com.DataDriven.NewTours_NewUserRegistration -->
