<?xml version="1.0" encoding="UTF-8"?>
<!-- Generated by org.testng.reporters.JUnitReportReporter -->
<testsuite hostname="LAPTOP-7ID18QUT" name="com.DataDriven.NewTours_NewUserRegistration_TestData" tests="2" failures="0" timestamp="6 Jul 2018 13:34:15 GMT" time="18.108" errors="0">
  <testcase name="Register" time="0.598" classname="com.DataDriven.NewTours_NewUserRegistration_TestData"/>
  <testcase name="UserRegistration" time="17.510" classname="com.DataDriven.NewTours_NewUserRegistration_TestData"/>
</testsuite> <!-- com.DataDriven.NewTours_NewUserRegistration_TestData -->
