<?xml version="1.0" encoding="UTF-8"?>
<!-- Generated by org.testng.reporters.JUnitReportReporter -->
<testsuite hostname="LAPTOP-7ID18QUT" name="com.Annotations.NewTours_LogInTest" tests="1" failures="0" timestamp="6 Jul 2018 13:34:15 GMT" time="6.192" errors="0">
  <testcase name="LogIn" time="6.192" classname="com.Annotations.NewTours_LogInTest"/>
</testsuite> <!-- com.Annotations.NewTours_LogInTest -->
