<?xml version="1.0" encoding="UTF-8"?>
<!-- Generated by org.testng.reporters.JUnitReportReporter -->
<testsuite hostname="LAPTOP-7ID18QUT" name="com.Annotations.Annotations3" tests="2" failures="0" timestamp="24 May 2018 13:43:08 GMT" time="0.021" errors="0">
  <testcase name="ComposeMail" time="0.017" classname="com.Annotations.Annotations3"/>
  <testcase name="InBox" time="0.004" classname="com.Annotations.Annotations3"/>
</testsuite> <!-- com.Annotations.Annotations3 -->
